Build started 3/14/2013 8:15:39 PM.
     1>Project "C:\Users\Patrick\Desktop\CS 32\Projects\Project 4\Project 4\Project 4.vcxproj" on node 2 (build target(s)).
     1>InitializeBuildStatus:
         Creating "Debug\Project 4.unsuccessfulbuild" because "AlwaysCreate" was specified.
       ClCompile:
         c:\Program Files (x86)\Microsoft Visual Studio 10.0\VC\bin\CL.exe /c /ZI /nologo /W3 /WX- /Od /Oy- /D _MBCS /Gm /EHsc /RTC1 /MDd /GS /fp:precise /Zc:wchar_t /Zc:forScope /Fo"Debug\\" /Fd"Debug\vc100.pdb" /Gd /TP /analyze- /errorReport:prompt Searcher.cpp
         Searcher.cpp
     1>c:\users\patrick\desktop\cs 32\projects\project 4\project 4\provided.h(101): warning C4800: 'int' : forcing value to bool 'true' or 'false' (performance warning)
     1>c:\users\patrick\desktop\cs 32\projects\project 4\project 4\searcher.cpp(54): warning C4018: '<' : signed/unsigned mismatch
     1>c:\users\patrick\desktop\cs 32\projects\project 4\project 4\searcher.cpp(59): warning C4018: '<' : signed/unsigned mismatch
     1>c:\users\patrick\desktop\cs 32\projects\project 4\project 4\searcher.cpp(98): warning C4018: '<' : signed/unsigned mismatch
       Link:
         c:\Program Files (x86)\Microsoft Visual Studio 10.0\VC\bin\link.exe /ERRORREPORT:PROMPT /OUT:"C:\Users\Patrick\Desktop\CS 32\Projects\Project 4\Debug\Project 4.exe" /NOLOGO wininet.lib kernel32.lib user32.lib gdi32.lib winspool.lib comdlg32.lib advapi32.lib shell32.lib ole32.lib oleaut32.lib uuid.lib odbc32.lib odbccp32.lib kernel32.lib user32.lib gdi32.lib winspool.lib comdlg32.lib advapi32.lib shell32.lib ole32.lib oleaut32.lib uuid.lib odbc32.lib odbccp32.lib /MANIFEST /ManifestFile:"Debug\Project 4.exe.intermediate.manifest" /MANIFESTUAC:"level='asInvoker' uiAccess='false'" /DEBUG /PDB:"C:\Users\Patrick\Desktop\CS 32\Projects\Project 4\Debug\Project 4.pdb" /SUBSYSTEM:CONSOLE /TLBID:1 /DYNAMICBASE /NXCOMPAT /IMPLIB:"C:\Users\Patrick\Desktop\CS 32\Projects\Project 4\Debug\Project 4.lib" /MACHINE:X86 Debug\Indexer.obj
         Debug\main.obj
         Debug\Searcher.obj
         Debug\WebCrawler.obj
         Debug\WordBag.obj
         LINK : C:\Users\Patrick\Desktop\CS 32\Projects\Project 4\Debug\Project 4.exe not found or not built by the last incremental link; performing full link
         Project 4.vcxproj -> C:\Users\Patrick\Desktop\CS 32\Projects\Project 4\Debug\Project 4.exe
       Manifest:
         C:\Program Files (x86)\Microsoft SDKs\Windows\v7.0A\bin\mt.exe /nologo /verbose /outputresource:"C:\Users\Patrick\Desktop\CS 32\Projects\Project 4\Debug\Project 4.exe;#1" /manifest "Debug\Project 4.exe.intermediate.manifest"
       FinalizeBuildStatus:
         Deleting file "Debug\Project 4.unsuccessfulbuild".
         Touching "Debug\Project 4.lastbuildstate".
     1>Done Building Project "C:\Users\Patrick\Desktop\CS 32\Projects\Project 4\Project 4\Project 4.vcxproj" (build target(s)).

Build succeeded.

Time Elapsed 00:00:01.52
