Build started 1/29/2013 1:07:36 AM.
     1>Project "C:\Users\Patrick\Desktop\CS 32\Projects\Project_2\Project_2\Project_2.vcxproj" on node 2 (build target(s)).
     1>InitializeBuildStatus:
         Creating "Debug\Project_2.unsuccessfulbuild" because "AlwaysCreate" was specified.
       ClCompile:
         C:\Program Files (x86)\Microsoft Visual Studio 10.0\VC\bin\CL.exe /c /ZI /nologo /W3 /WX- /Od /Oy- /D _MBCS /Gm /EHsc /RTC1 /MDd /GS /fp:precise /Zc:wchar_t /Zc:forScope /Fo"Debug\\" /Fd"Debug\vc100.pdb" /Gd /TP /analyze- /errorReport:prompt main.cpp
         main.cpp
       Link:
         C:\Program Files (x86)\Microsoft Visual Studio 10.0\VC\bin\link.exe /ERRORREPORT:PROMPT /OUT:"C:\Users\Patrick\Desktop\CS 32\Projects\Project_2\Debug\Project_2.exe" /NOLOGO kernel32.lib user32.lib gdi32.lib winspool.lib comdlg32.lib advapi32.lib shell32.lib ole32.lib oleaut32.lib uuid.lib odbc32.lib odbccp32.lib /MANIFEST /ManifestFile:"Debug\Project_2.exe.intermediate.manifest" /MANIFESTUAC:"level='asInvoker' uiAccess='false'" /DEBUG /PDB:"C:\Users\Patrick\Desktop\CS 32\Projects\Project_2\Debug\Project_2.pdb" /SUBSYSTEM:CONSOLE /TLBID:1 /DYNAMICBASE /NXCOMPAT /IMPLIB:"C:\Users\Patrick\Desktop\CS 32\Projects\Project_2\Debug\Project_2.lib" /MACHINE:X86 Debug\main.obj
         Debug\Multiset.obj
         LINK : C:\Users\Patrick\Desktop\CS 32\Projects\Project_2\Debug\Project_2.exe not found or not built by the last incremental link; performing full link
         Project_2.vcxproj -> C:\Users\Patrick\Desktop\CS 32\Projects\Project_2\Debug\Project_2.exe
       Manifest:
         C:\Program Files (x86)\Microsoft SDKs\Windows\v7.0A\bin\mt.exe /nologo /verbose /outputresource:"C:\Users\Patrick\Desktop\CS 32\Projects\Project_2\Debug\Project_2.exe;#1" /manifest Debug\Project_2.exe.intermediate.manifest
       FinalizeBuildStatus:
         Deleting file "Debug\Project_2.unsuccessfulbuild".
         Touching "Debug\Project_2.lastbuildstate".
     1>Done Building Project "C:\Users\Patrick\Desktop\CS 32\Projects\Project_2\Project_2\Project_2.vcxproj" (build target(s)).

Build succeeded.

Time Elapsed 00:00:01.63
